

Version:	3.50
CmdLine:	C:\Users\Siti Fatonah\Documents\NetBeansProjects\ProgramASPS\2-launch4j\ProgramASPS-Portable-1.0.exe --l4j-debug
JNI:		No
WOW64:		Yes
Working dir:	C:\Users\Siti Fatonah\Documents\NetBeansProjects\ProgramASPS\2-launch4j\.
Requires JDK:	No
Requires 64-Bit: No
Java min ver:	
Java max ver:	
Substitute:	EXEDIR = C:\Users\Siti Fatonah\Documents\NetBeansProjects\ProgramASPS\2-launch4j
JRE paths:	C:\Users\Siti Fatonah\Documents\NetBeansProjects\ProgramASPS\2-launch4j\jdk1.8.0_221
Check launcher:	C:\Users\Siti Fatonah\Documents\NetBeansProjects\ProgramASPS\2-launch4j\jdk1.8.0_221\bin\javaw.exe (OK)
Version string: 1.008.000_221 / 64-Bit (OK)
Main class:	programasps.programasps
Add classpath:	lib\mysql-connector-java-5.1.23-bin.jar
Add classpath:	lib\KabitaLib.jar
Add classpath:	lib\barbecue-1.5-beta1.jar
Add classpath:	lib\cglib-2.1.jar
Add classpath:	lib\commons-beanutils-1.8.2.jar
Add classpath:	lib\commons-codec-1.10.jar
Add classpath:	lib\commons-collections-3.2.1.jar
Add classpath:	lib\commons-dbcp-1.2.2.jar
Add classpath:	lib\commons-digester-1.7.jar
Add classpath:	lib\commons-email-1.5-javadoc.jar
Add classpath:	lib\commons-email-1.5-sources.jar
Add classpath:	lib\commons-email-1.5-test-sources.jar
Add classpath:	lib\commons-email-1.5-tests.jar
Add classpath:	lib\commons-email-1.5.jar
Add classpath:	lib\commons-logging-1.1.jar
Add classpath:	lib\dom4j-1.6.1.jar
Add classpath:	lib\groovy-all-1.7.5.jar
Add classpath:	lib\iText-2.1.7.jar
Add classpath:	lib\jasperreports-4.5.0.jar
Add classpath:	lib\jasperreports-fonts-4.5.0.jar
Add classpath:	lib\jasperreports-json.jar
Add classpath:	lib\jcalendar-1.3.2-javadoc.jar
Add classpath:	lib\jcalendar-1.3.2-sources.jar
Add classpath:	lib\jcalendar-1.3.2.jar
Add classpath:	lib\jcommon-1.0.15.jar
Add classpath:	lib\jdt-compiler-3.1.1.jar
Add classpath:	lib\jfreechart-1.0.12.jar
Add classpath:	lib\jl1.0.1.jar
Add classpath:	lib\jxl.jar
Add classpath:	lib\mail-1.4.7.jar
Add classpath:	lib\poi-3.10.1-20140818.jar
Add classpath:	lib\poi-3.6.jar
Add classpath:	lib\poi-ooxml-3.10.1-20140818.jar
Add classpath:	lib\poi-ooxml-schemas-3.10.1-20140818.jar
Add classpath:	lib\xmlbeans-2.6.0.jar
Launcher:	C:\Users\Siti Fatonah\Documents\NetBeansProjects\ProgramASPS\2-launch4j\jdk1.8.0_221\bin\javaw.exe
Launcher args:	-classpath "C:\Users\Siti Fatonah\Documents\NetBeansProjects\ProgramASPS\2-launch4j\ProgramASPS-Portable-1.0.exe;lib\mysql-connector-java-5.1.23-bin.jar;lib\KabitaLib.jar;lib\barbecue-1.5-beta1.jar;lib\cglib-2.1.jar;lib\commons-beanutils-1.8.2.jar;lib\commons-codec-1.10.jar;lib\commons-collections-3.2.1.jar;lib\commons-dbcp-1.2.2.jar;lib\commons-digester-1.7.jar;lib\commons-email-1.5-javadoc.jar;lib\commons-email-1.5-sources.jar;lib\commons-email-1.5-test-sources.jar;lib\commons-email-1.5-tests.jar;lib\commons-email-1.5.jar;lib\commons-logging-1.1.jar;lib\dom4j-1.6.1.jar;lib\groovy-all-1.7.5.jar;lib\iText-2.1.7.jar;lib\jasperreports-4.5.0.jar;lib\jasperreports-fonts-4.5.0.jar;lib\jasperreports-json.jar;lib\jcalendar-1.3.2-javadoc.jar;lib\jcalendar-1.3.2-sources.jar;lib\jcalendar-1.3.2.jar;lib\jcommon-1.0.15.jar;lib\jdt-compiler-3.1.1.jar;lib\jfreechart-1.0.12.jar;lib\jl1.0.1.jar;lib\jxl.jar;lib\mail-1.4.7.jar;lib\poi-3.10.1-20140818.jar;lib\poi-3.6.jar;lib\poi-ooxml-3.10.1-20140818.jar;lib\poi-ooxml-schemas-3.10.1-20140818.jar;lib\xmlbeans-2.6.0.jar" programasps.programasps
Args length:	1090/32768 chars
Exit code:	0


Version:	3.50
CmdLine:	C:\Users\Siti Fatonah\Documents\NetBeansProjects\ProgramASPS\2-launch4j\ProgramASPS-Portable-1.0.exe --l4j-debug
JNI:		No
WOW64:		Yes
Working dir:	C:\Users\Siti Fatonah\Documents\NetBeansProjects\ProgramASPS\2-launch4j\.
Requires JDK:	No
Requires 64-Bit: No
Java min ver:	
Java max ver:	
Substitute:	EXEDIR = C:\Users\Siti Fatonah\Documents\NetBeansProjects\ProgramASPS\2-launch4j
JRE paths:	C:\Users\Siti Fatonah\Documents\NetBeansProjects\ProgramASPS\2-launch4j\jdk1.8.0_221
Check launcher:	C:\Users\Siti Fatonah\Documents\NetBeansProjects\ProgramASPS\2-launch4j\jdk1.8.0_221\bin\javaw.exe (OK)
Version string: 1.008.000_221 / 64-Bit (OK)
Main class:	programasps.programasps
Add classpath:	lib\mysql-connector-java-5.1.23-bin.jar
Add classpath:	lib\KabitaLib.jar
Add classpath:	lib\barbecue-1.5-beta1.jar
Add classpath:	lib\cglib-2.1.jar
Add classpath:	lib\commons-beanutils-1.8.2.jar
Add classpath:	lib\commons-codec-1.10.jar
Add classpath:	lib\commons-collections-3.2.1.jar
Add classpath:	lib\commons-dbcp-1.2.2.jar
Add classpath:	lib\commons-digester-1.7.jar
Add classpath:	lib\commons-email-1.5-javadoc.jar
Add classpath:	lib\commons-email-1.5-sources.jar
Add classpath:	lib\commons-email-1.5-test-sources.jar
Add classpath:	lib\commons-email-1.5-tests.jar
Add classpath:	lib\commons-email-1.5.jar
Add classpath:	lib\commons-logging-1.1.jar
Add classpath:	lib\dom4j-1.6.1.jar
Add classpath:	lib\groovy-all-1.7.5.jar
Add classpath:	lib\iText-2.1.7.jar
Add classpath:	lib\jasperreports-4.5.0.jar
Add classpath:	lib\jasperreports-fonts-4.5.0.jar
Add classpath:	lib\jasperreports-json.jar
Add classpath:	lib\jcalendar-1.3.2-javadoc.jar
Add classpath:	lib\jcalendar-1.3.2-sources.jar
Add classpath:	lib\jcalendar-1.3.2.jar
Add classpath:	lib\jcommon-1.0.15.jar
Add classpath:	lib\jdt-compiler-3.1.1.jar
Add classpath:	lib\jfreechart-1.0.12.jar
Add classpath:	lib\jl1.0.1.jar
Add classpath:	lib\jxl.jar
Add classpath:	lib\mail-1.4.7.jar
Add classpath:	lib\poi-3.10.1-20140818.jar
Add classpath:	lib\poi-3.6.jar
Add classpath:	lib\poi-ooxml-3.10.1-20140818.jar
Add classpath:	lib\poi-ooxml-schemas-3.10.1-20140818.jar
Add classpath:	lib\xmlbeans-2.6.0.jar
Launcher:	C:\Users\Siti Fatonah\Documents\NetBeansProjects\ProgramASPS\2-launch4j\jdk1.8.0_221\bin\javaw.exe
Launcher args:	-classpath "C:\Users\Siti Fatonah\Documents\NetBeansProjects\ProgramASPS\2-launch4j\ProgramASPS-Portable-1.0.exe;lib\mysql-connector-java-5.1.23-bin.jar;lib\KabitaLib.jar;lib\barbecue-1.5-beta1.jar;lib\cglib-2.1.jar;lib\commons-beanutils-1.8.2.jar;lib\commons-codec-1.10.jar;lib\commons-collections-3.2.1.jar;lib\commons-dbcp-1.2.2.jar;lib\commons-digester-1.7.jar;lib\commons-email-1.5-javadoc.jar;lib\commons-email-1.5-sources.jar;lib\commons-email-1.5-test-sources.jar;lib\commons-email-1.5-tests.jar;lib\commons-email-1.5.jar;lib\commons-logging-1.1.jar;lib\dom4j-1.6.1.jar;lib\groovy-all-1.7.5.jar;lib\iText-2.1.7.jar;lib\jasperreports-4.5.0.jar;lib\jasperreports-fonts-4.5.0.jar;lib\jasperreports-json.jar;lib\jcalendar-1.3.2-javadoc.jar;lib\jcalendar-1.3.2-sources.jar;lib\jcalendar-1.3.2.jar;lib\jcommon-1.0.15.jar;lib\jdt-compiler-3.1.1.jar;lib\jfreechart-1.0.12.jar;lib\jl1.0.1.jar;lib\jxl.jar;lib\mail-1.4.7.jar;lib\poi-3.10.1-20140818.jar;lib\poi-3.6.jar;lib\poi-ooxml-3.10.1-20140818.jar;lib\poi-ooxml-schemas-3.10.1-20140818.jar;lib\xmlbeans-2.6.0.jar" programasps.programasps
Args length:	1090/32768 chars
Exit code:	0


Version:	3.50
CmdLine:	C:\Users\Siti Fatonah\Documents\NetBeansProjects\ProgramASPS\2-launch4j\ProgramASPS-Portable-1.0.exe --l4j-debug
JNI:		No
WOW64:		Yes
Working dir:	C:\Users\Siti Fatonah\Documents\NetBeansProjects\ProgramASPS\2-launch4j\.
Requires JDK:	No
Requires 64-Bit: No
Java min ver:	
Java max ver:	
Substitute:	EXEDIR = C:\Users\Siti Fatonah\Documents\NetBeansProjects\ProgramASPS\2-launch4j
JRE paths:	C:\Users\Siti Fatonah\Documents\NetBeansProjects\ProgramASPS\2-launch4j\jdk1.8.0_221
Check launcher:	C:\Users\Siti Fatonah\Documents\NetBeansProjects\ProgramASPS\2-launch4j\jdk1.8.0_221\bin\javaw.exe (OK)
Version string: 1.008.000_221 / 64-Bit (OK)
Main class:	programasps.programasps
Add classpath:	lib\mysql-connector-java-5.1.23-bin.jar
Add classpath:	lib\KabitaLib.jar
Add classpath:	lib\barbecue-1.5-beta1.jar
Add classpath:	lib\cglib-2.1.jar
Add classpath:	lib\commons-beanutils-1.8.2.jar
Add classpath:	lib\commons-codec-1.10.jar
Add classpath:	lib\commons-collections-3.2.1.jar
Add classpath:	lib\commons-dbcp-1.2.2.jar
Add classpath:	lib\commons-digester-1.7.jar
Add classpath:	lib\commons-email-1.5-javadoc.jar
Add classpath:	lib\commons-email-1.5-sources.jar
Add classpath:	lib\commons-email-1.5-test-sources.jar
Add classpath:	lib\commons-email-1.5-tests.jar
Add classpath:	lib\commons-email-1.5.jar
Add classpath:	lib\commons-logging-1.1.jar
Add classpath:	lib\dom4j-1.6.1.jar
Add classpath:	lib\groovy-all-1.7.5.jar
Add classpath:	lib\iText-2.1.7.jar
Add classpath:	lib\jasperreports-4.5.0.jar
Add classpath:	lib\jasperreports-fonts-4.5.0.jar
Add classpath:	lib\jasperreports-json.jar
Add classpath:	lib\jcalendar-1.3.2-javadoc.jar
Add classpath:	lib\jcalendar-1.3.2-sources.jar
Add classpath:	lib\jcalendar-1.3.2.jar
Add classpath:	lib\jcommon-1.0.15.jar
Add classpath:	lib\jdt-compiler-3.1.1.jar
Add classpath:	lib\jfreechart-1.0.12.jar
Add classpath:	lib\jl1.0.1.jar
Add classpath:	lib\jxl.jar
Add classpath:	lib\mail-1.4.7.jar
Add classpath:	lib\poi-3.10.1-20140818.jar
Add classpath:	lib\poi-3.6.jar
Add classpath:	lib\poi-ooxml-3.10.1-20140818.jar
Add classpath:	lib\poi-ooxml-schemas-3.10.1-20140818.jar
Add classpath:	lib\xmlbeans-2.6.0.jar
Launcher:	C:\Users\Siti Fatonah\Documents\NetBeansProjects\ProgramASPS\2-launch4j\jdk1.8.0_221\bin\javaw.exe
Launcher args:	-classpath "C:\Users\Siti Fatonah\Documents\NetBeansProjects\ProgramASPS\2-launch4j\ProgramASPS-Portable-1.0.exe;lib\mysql-connector-java-5.1.23-bin.jar;lib\KabitaLib.jar;lib\barbecue-1.5-beta1.jar;lib\cglib-2.1.jar;lib\commons-beanutils-1.8.2.jar;lib\commons-codec-1.10.jar;lib\commons-collections-3.2.1.jar;lib\commons-dbcp-1.2.2.jar;lib\commons-digester-1.7.jar;lib\commons-email-1.5-javadoc.jar;lib\commons-email-1.5-sources.jar;lib\commons-email-1.5-test-sources.jar;lib\commons-email-1.5-tests.jar;lib\commons-email-1.5.jar;lib\commons-logging-1.1.jar;lib\dom4j-1.6.1.jar;lib\groovy-all-1.7.5.jar;lib\iText-2.1.7.jar;lib\jasperreports-4.5.0.jar;lib\jasperreports-fonts-4.5.0.jar;lib\jasperreports-json.jar;lib\jcalendar-1.3.2-javadoc.jar;lib\jcalendar-1.3.2-sources.jar;lib\jcalendar-1.3.2.jar;lib\jcommon-1.0.15.jar;lib\jdt-compiler-3.1.1.jar;lib\jfreechart-1.0.12.jar;lib\jl1.0.1.jar;lib\jxl.jar;lib\mail-1.4.7.jar;lib\poi-3.10.1-20140818.jar;lib\poi-3.6.jar;lib\poi-ooxml-3.10.1-20140818.jar;lib\poi-ooxml-schemas-3.10.1-20140818.jar;lib\xmlbeans-2.6.0.jar" programasps.programasps
Args length:	1090/32768 chars
Exit code:	0


Version:	3.50
CmdLine:	C:\Users\Siti Fatonah\Documents\NetBeansProjects\ProgramASPS\2-launch4j\ProgramASPS-Portable-1.0.exe --l4j-debug
JNI:		No
WOW64:		Yes
Working dir:	C:\Users\Siti Fatonah\Documents\NetBeansProjects\ProgramASPS\2-launch4j\.
Requires JDK:	No
Requires 64-Bit: No
Java min ver:	
Java max ver:	
Substitute:	EXEDIR = C:\Users\Siti Fatonah\Documents\NetBeansProjects\ProgramASPS\2-launch4j
JRE paths:	C:\Users\Siti Fatonah\Documents\NetBeansProjects\ProgramASPS\2-launch4j\jdk1.8.0_221
Check launcher:	C:\Users\Siti Fatonah\Documents\NetBeansProjects\ProgramASPS\2-launch4j\jdk1.8.0_221\bin\javaw.exe (OK)
Version string: 1.008.000_221 / 64-Bit (OK)
Main class:	programasps.programasps
Add classpath:	lib\KabitaLib.jar
Add classpath:	lib\barbecue-1.5-beta1.jar
Add classpath:	lib\cglib-2.1.jar
Add classpath:	lib\commons-beanutils-1.8.2.jar
Add classpath:	lib\commons-codec-1.10.jar
Add classpath:	lib\commons-collections-3.2.1.jar
Add classpath:	lib\commons-dbcp-1.2.2.jar
Add classpath:	lib\commons-digester-1.7.jar
Add classpath:	lib\commons-email-1.5-javadoc.jar
Add classpath:	lib\commons-email-1.5-sources.jar
Add classpath:	lib\commons-email-1.5-test-sources.jar
Add classpath:	lib\commons-email-1.5-tests.jar
Add classpath:	lib\commons-email-1.5.jar
Add classpath:	lib\commons-logging-1.1.jar
Add classpath:	lib\dom4j-1.6.1.jar
Add classpath:	lib\groovy-all-1.7.5.jar
Add classpath:	lib\iText-2.1.7.jar
Add classpath:	lib\jasperreports-4.5.0.jar
Add classpath:	lib\jasperreports-fonts-4.5.0.jar
Add classpath:	lib\jasperreports-json.jar
Add classpath:	lib\jcalendar-1.3.2-javadoc.jar
Add classpath:	lib\jcalendar-1.3.2-sources.jar
Add classpath:	lib\jcalendar-1.3.2.jar
Add classpath:	lib\jcommon-1.0.15.jar
Add classpath:	lib\jdt-compiler-3.1.1.jar
Add classpath:	lib\jfreechart-1.0.12.jar
Add classpath:	lib\jl1.0.1.jar
Add classpath:	lib\jxl.jar
Add classpath:	lib\mail-1.4.7.jar
Add classpath:	lib\poi-3.10.1-20140818.jar
Add classpath:	lib\poi-3.6.jar
Add classpath:	lib\poi-ooxml-3.10.1-20140818.jar
Add classpath:	lib\poi-ooxml-schemas-3.10.1-20140818.jar
Add classpath:	lib\xmlbeans-2.6.0.jar
Add classpath:	lib\mysql-connector-java-5.1.23-bin.jar
Launcher:	C:\Users\Siti Fatonah\Documents\NetBeansProjects\ProgramASPS\2-launch4j\jdk1.8.0_221\bin\javaw.exe
Launcher args:	-classpath "C:\Users\Siti Fatonah\Documents\NetBeansProjects\ProgramASPS\2-launch4j\ProgramASPS-Portable-1.0.exe;lib\KabitaLib.jar;lib\barbecue-1.5-beta1.jar;lib\cglib-2.1.jar;lib\commons-beanutils-1.8.2.jar;lib\commons-codec-1.10.jar;lib\commons-collections-3.2.1.jar;lib\commons-dbcp-1.2.2.jar;lib\commons-digester-1.7.jar;lib\commons-email-1.5-javadoc.jar;lib\commons-email-1.5-sources.jar;lib\commons-email-1.5-test-sources.jar;lib\commons-email-1.5-tests.jar;lib\commons-email-1.5.jar;lib\commons-logging-1.1.jar;lib\dom4j-1.6.1.jar;lib\groovy-all-1.7.5.jar;lib\iText-2.1.7.jar;lib\jasperreports-4.5.0.jar;lib\jasperreports-fonts-4.5.0.jar;lib\jasperreports-json.jar;lib\jcalendar-1.3.2-javadoc.jar;lib\jcalendar-1.3.2-sources.jar;lib\jcalendar-1.3.2.jar;lib\jcommon-1.0.15.jar;lib\jdt-compiler-3.1.1.jar;lib\jfreechart-1.0.12.jar;lib\jl1.0.1.jar;lib\jxl.jar;lib\mail-1.4.7.jar;lib\poi-3.10.1-20140818.jar;lib\poi-3.6.jar;lib\poi-ooxml-3.10.1-20140818.jar;lib\poi-ooxml-schemas-3.10.1-20140818.jar;lib\xmlbeans-2.6.0.jar;lib\mysql-connector-java-5.1.23-bin.jar" programasps.programasps
Args length:	1090/32768 chars
Exit code:	0


Version:	3.50
CmdLine:	C:\Users\Siti Fatonah\Documents\NetBeansProjects\ProgramASPS\2-launch4j\ProgramASPS-Portable-1.0.exe --l4j-debug
JNI:		No
WOW64:		Yes
Working dir:	C:\Users\Siti Fatonah\Documents\NetBeansProjects\ProgramASPS\2-launch4j\.
Requires JDK:	No
Requires 64-Bit: No
Java min ver:	
Java max ver:	
Substitute:	EXEDIR = C:\Users\Siti Fatonah\Documents\NetBeansProjects\ProgramASPS\2-launch4j
JRE paths:	C:\Users\Siti Fatonah\Documents\NetBeansProjects\ProgramASPS\2-launch4j\jdk1.8.0_221
Check launcher:	C:\Users\Siti Fatonah\Documents\NetBeansProjects\ProgramASPS\2-launch4j\jdk1.8.0_221\bin\javaw.exe (OK)
Version string: 1.008.000_221 / 64-Bit (OK)
Main class:	programasps.programasps
Add classpath:	lib\KabitaLib.jar
Add classpath:	lib\barbecue-1.5-beta1.jar
Add classpath:	lib\cglib-2.1.jar
Add classpath:	lib\commons-beanutils-1.8.2.jar
Add classpath:	lib\commons-codec-1.10.jar
Add classpath:	lib\commons-collections-3.2.1.jar
Add classpath:	lib\commons-dbcp-1.2.2.jar
Add classpath:	lib\commons-digester-1.7.jar
Add classpath:	lib\commons-email-1.5-javadoc.jar
Add classpath:	lib\commons-email-1.5-sources.jar
Add classpath:	lib\commons-email-1.5-test-sources.jar
Add classpath:	lib\commons-email-1.5-tests.jar
Add classpath:	lib\commons-email-1.5.jar
Add classpath:	lib\commons-logging-1.1.jar
Add classpath:	lib\dom4j-1.6.1.jar
Add classpath:	lib\groovy-all-1.7.5.jar
Add classpath:	lib\iText-2.1.7.jar
Add classpath:	lib\jasperreports-4.5.0.jar
Add classpath:	lib\jasperreports-fonts-4.5.0.jar
Add classpath:	lib\jasperreports-json.jar
Add classpath:	lib\jcalendar-1.3.2-javadoc.jar
Add classpath:	lib\jcalendar-1.3.2-sources.jar
Add classpath:	lib\jcalendar-1.3.2.jar
Add classpath:	lib\jcommon-1.0.15.jar
Add classpath:	lib\jdt-compiler-3.1.1.jar
Add classpath:	lib\jfreechart-1.0.12.jar
Add classpath:	lib\jl1.0.1.jar
Add classpath:	lib\jxl.jar
Add classpath:	lib\mail-1.4.7.jar
Add classpath:	lib\poi-3.10.1-20140818.jar
Add classpath:	lib\poi-3.6.jar
Add classpath:	lib\poi-ooxml-3.10.1-20140818.jar
Add classpath:	lib\poi-ooxml-schemas-3.10.1-20140818.jar
Add classpath:	lib\xmlbeans-2.6.0.jar
Add classpath:	lib\mysql-connector-java-5.1.23-bin.jar
Launcher:	C:\Users\Siti Fatonah\Documents\NetBeansProjects\ProgramASPS\2-launch4j\jdk1.8.0_221\bin\javaw.exe
Launcher args:	-classpath "C:\Users\Siti Fatonah\Documents\NetBeansProjects\ProgramASPS\2-launch4j\ProgramASPS-Portable-1.0.exe;lib\KabitaLib.jar;lib\barbecue-1.5-beta1.jar;lib\cglib-2.1.jar;lib\commons-beanutils-1.8.2.jar;lib\commons-codec-1.10.jar;lib\commons-collections-3.2.1.jar;lib\commons-dbcp-1.2.2.jar;lib\commons-digester-1.7.jar;lib\commons-email-1.5-javadoc.jar;lib\commons-email-1.5-sources.jar;lib\commons-email-1.5-test-sources.jar;lib\commons-email-1.5-tests.jar;lib\commons-email-1.5.jar;lib\commons-logging-1.1.jar;lib\dom4j-1.6.1.jar;lib\groovy-all-1.7.5.jar;lib\iText-2.1.7.jar;lib\jasperreports-4.5.0.jar;lib\jasperreports-fonts-4.5.0.jar;lib\jasperreports-json.jar;lib\jcalendar-1.3.2-javadoc.jar;lib\jcalendar-1.3.2-sources.jar;lib\jcalendar-1.3.2.jar;lib\jcommon-1.0.15.jar;lib\jdt-compiler-3.1.1.jar;lib\jfreechart-1.0.12.jar;lib\jl1.0.1.jar;lib\jxl.jar;lib\mail-1.4.7.jar;lib\poi-3.10.1-20140818.jar;lib\poi-3.6.jar;lib\poi-ooxml-3.10.1-20140818.jar;lib\poi-ooxml-schemas-3.10.1-20140818.jar;lib\xmlbeans-2.6.0.jar;lib\mysql-connector-java-5.1.23-bin.jar" programasps.programasps
Args length:	1090/32768 chars
Exit code:	0


Version:	3.50
CmdLine:	C:\Users\Siti Fatonah\Documents\NetBeansProjects\ProgramASPS\2-launch4j\ProgramASPS-Portable-1.0.exe --l4j-debug
JNI:		No
WOW64:		Yes
Working dir:	C:\Users\Siti Fatonah\Documents\NetBeansProjects\ProgramASPS\2-launch4j\.
Requires JDK:	No
Requires 64-Bit: No
Java min ver:	
Java max ver:	
Substitute:	EXEDIR = C:\Users\Siti Fatonah\Documents\NetBeansProjects\ProgramASPS\2-launch4j
JRE paths:	C:\Users\Siti Fatonah\Documents\NetBeansProjects\ProgramASPS\2-launch4j\jdk1.8.0_221
Check launcher:	C:\Users\Siti Fatonah\Documents\NetBeansProjects\ProgramASPS\2-launch4j\jdk1.8.0_221\bin\javaw.exe (OK)
Version string: 1.008.000_221 / 64-Bit (OK)
Launcher:	C:\Users\Siti Fatonah\Documents\NetBeansProjects\ProgramASPS\2-launch4j\jdk1.8.0_221\bin\javaw.exe
Launcher args:	-jar "C:\Users\Siti Fatonah\Documents\NetBeansProjects\ProgramASPS\2-launch4j\ProgramASPS-Portable-1.0.exe"
Args length:	107/32768 chars
Exit code:	0
